<?xml version="1.0" encoding="UTF-8"?>
<testng-results ignored="0" total="2" passed="2" failed="0" skipped="0">
  <reporter-output>
  </reporter-output>
  <suite started-at="2022-04-17T17:42:26Z" name="Default suite" finished-at="2022-04-17T17:42:27Z" duration-ms="204">
    <groups>
    </groups>
    <test started-at="2022-04-17T17:42:26Z" name="Default test" finished-at="2022-04-17T17:42:27Z" duration-ms="204">
      <class name="com.dbclpm.group2.SPTesting">
        <test-method is-config="true" signature="setup()[pri:0, instance:com.dbclpm.group2.SPTesting@3406472c]" started-at="2022-04-17T17:42:26Z" name="setup" finished-at="2022-04-17T17:42:27Z" duration-ms="156" status="PASS">
          <reporter-output>
          </reporter-output>
        </test-method> <!-- setup -->
        <test-method signature="test_storedProceduresSelectAllCustomerByCityExists()[pri:1, instance:com.dbclpm.group2.SPTesting@3406472c]" started-at="2022-04-17T17:42:27Z" name="test_storedProceduresSelectAllCustomerByCityExists" finished-at="2022-04-17T17:42:27Z" duration-ms="33" status="PASS">
          <reporter-output>
          </reporter-output>
        </test-method> <!-- test_storedProceduresSelectAllCustomerByCityExists -->
        <test-method signature="test_storedProceduresSelectAllCustomerExists()[pri:1, instance:com.dbclpm.group2.SPTesting@3406472c]" started-at="2022-04-17T17:42:27Z" name="test_storedProceduresSelectAllCustomerExists" finished-at="2022-04-17T17:42:27Z" duration-ms="2" status="PASS">
          <reporter-output>
          </reporter-output>
        </test-method> <!-- test_storedProceduresSelectAllCustomerExists -->
        <test-method is-config="true" signature="shutdown()[pri:0, instance:com.dbclpm.group2.SPTesting@3406472c]" started-at="2022-04-17T17:42:27Z" name="shutdown" finished-at="2022-04-17T17:42:27Z" duration-ms="2" status="PASS">
          <reporter-output>
          </reporter-output>
        </test-method> <!-- shutdown -->
      </class> <!-- com.dbclpm.group2.SPTesting -->
    </test> <!-- Default test -->
  </suite> <!-- Default suite -->
</testng-results>
