<?xml version="1.0" encoding="UTF-8"?>
<!-- Generated by org.testng.reporters.JUnitXMLReporter -->
<testsuite ignored="0" hostname="LAPTOP-U4GJSEA2" failures="0" tests="3" name="Default test" time="0.231" errors="0" timestamp="19 Apr 2022 08:54:19 GMT">
  <testcase classname="com.dbclpm.group2.SFTesting" name="test_storeFunctionCustomerLevelExist" time="0.032"/>
  <testcase classname="com.dbclpm.group2.SFTesting" name="test_storeFunctionCustomerLevelFromSQLStatement" time="0.013"/>
  <testcase classname="com.dbclpm.group2.SFTesting" name="test_storeFunctionCustomerLevelThroughStoreProcedure" time="0.021"/>
</testsuite> <!-- Default test -->
