<?xml version="1.0" encoding="UTF-8"?>
<!-- Generated by org.testng.reporters.JUnitXMLReporter -->
<testsuite ignored="0" hostname="LAPTOP-U4GJSEA2" failures="0" tests="2" name="Default test" time="0.204" errors="0" timestamp="17 Apr 2022 17:42:27 GMT">
  <testcase classname="com.dbclpm.group2.SPTesting" name="test_storedProceduresSelectAllCustomerByCityExists" time="0.033"/>
  <testcase classname="com.dbclpm.group2.SPTesting" name="test_storedProceduresSelectAllCustomerExists" time="0.002"/>
</testsuite> <!-- Default test -->
